==== Experiment Start ====
datetime: 2025-08-07 22:19:07
prompt: A young girl with long blonde hair is brushing her teeth in a bathroom
video_path: /scratch/rs02358/ved_dissertation/Datasets_from_Internet/UCF101/UCF-Benchmark/v_BrushingTeeth_g01_c04.mp4
add_prompt: anime style
basemodel_path: revAnimated_v2Rebirth.safetensors
cfg_scale: 5
prior_coefficient_x: 0.3
save_path: outputs/tv2v/BrushingTeeth
lora: OFF
==== Experiment End ====

==== Experiment Start ====
datetime: 2025-08-07 22:21:26
prompt: A young girl with long blonde hair is brushing her teeth in a bathroom
video_path: /scratch/rs02358/ved_dissertation/Datasets_from_Internet/UCF101/UCF-Benchmark/v_BrushingTeeth_g01_c04.mp4
add_prompt: anime style
basemodel_path: revAnimated_v2Rebirth.safetensors
cfg_scale: 5
prior_coefficient_x: 0.1
save_path: outputs/tv2v/BrushingTeeth
